2022-11-18 00:11:37,780 INFO [main] o.a.n.b.NotificationServiceManager Successfully loaded the following 0 services: []
2022-11-18 00:11:37,809 INFO [main] org.apache.nifi.bootstrap.RunNiFi Registered no Notification Services for Notification Type NIFI_STARTED
2022-11-18 00:11:37,811 INFO [main] org.apache.nifi.bootstrap.RunNiFi Registered no Notification Services for Notification Type NIFI_STOPPED
2022-11-18 00:11:37,812 INFO [main] org.apache.nifi.bootstrap.RunNiFi Registered no Notification Services for Notification Type NIFI_DIED
2022-11-18 00:11:37,897 INFO [main] org.apache.nifi.bootstrap.Command Apache NiFi has accepted the Shutdown Command and is shutting down now
2022-11-18 00:11:37,969 INFO [main] org.apache.nifi.bootstrap.Command NiFi PID [85] shutdown in progress...
2022-11-18 00:11:39,976 INFO [main] org.apache.nifi.bootstrap.Command NiFi PID [85] shutdown in progress...
2022-11-18 00:11:41,986 INFO [main] org.apache.nifi.bootstrap.Command NiFi PID [85] shutdown in progress...
2022-11-18 00:11:44,000 INFO [main] org.apache.nifi.bootstrap.Command NiFi PID [85] shutdown in progress...
2022-11-18 00:11:46,011 INFO [main] org.apache.nifi.bootstrap.Command NiFi PID [85] shutdown in progress...
2022-11-18 00:11:51,567 INFO [main] o.a.n.b.NotificationServiceManager Successfully loaded the following 0 services: []
2022-11-18 00:11:51,580 INFO [main] org.apache.nifi.bootstrap.RunNiFi Registered no Notification Services for Notification Type NIFI_STARTED
2022-11-18 00:11:51,581 INFO [main] org.apache.nifi.bootstrap.RunNiFi Registered no Notification Services for Notification Type NIFI_STOPPED
2022-11-18 00:11:51,582 INFO [main] org.apache.nifi.bootstrap.RunNiFi Registered no Notification Services for Notification Type NIFI_DIED
2022-11-18 00:11:51,623 INFO [main] org.apache.nifi.bootstrap.RunNiFi Runtime Java version: 1.8.0_332
2022-11-18 00:11:51,658 INFO [main] org.apache.nifi.bootstrap.Command Starting Apache NiFi...
2022-11-18 00:11:51,660 INFO [main] org.apache.nifi.bootstrap.Command Working Directory: /opt/nifi/nifi-current
2022-11-18 00:11:51,662 INFO [main] org.apache.nifi.bootstrap.Command Command: /usr/local/openjdk-8/bin/java -classpath /opt/nifi/nifi-current/./conf:/opt/nifi/nifi-current/./lib/nifi-stateless-bootstrap-1.18.0.jar:/opt/nifi/nifi-current/./lib/javax.servlet-api-3.1.0.jar:/opt/nifi/nifi-current/./lib/nifi-nar-utils-1.18.0.jar:/opt/nifi/nifi-current/./lib/logback-classic-1.2.11.jar:/opt/nifi/nifi-current/./lib/nifi-runtime-1.18.0.jar:/opt/nifi/nifi-current/./lib/slf4j-api-1.7.36.jar:/opt/nifi/nifi-current/./lib/nifi-framework-api-1.18.0.jar:/opt/nifi/nifi-current/./lib/nifi-api-1.18.0.jar:/opt/nifi/nifi-current/./lib/log4j-over-slf4j-1.7.36.jar:/opt/nifi/nifi-current/./lib/nifi-server-api-1.18.0.jar:/opt/nifi/nifi-current/./lib/nifi-stateless-api-1.18.0.jar:/opt/nifi/nifi-current/./lib/logback-core-1.2.11.jar:/opt/nifi/nifi-current/./lib/jcl-over-slf4j-1.7.36.jar:/opt/nifi/nifi-current/./lib/jetty-schemas-5.2.jar:/opt/nifi/nifi-current/./lib/jul-to-slf4j-1.7.36.jar:/opt/nifi/nifi-current/./lib/nifi-properties-1.18.0.jar:/opt/nifi/nifi-current/./lib/nifi-property-utils-1.18.0.jar:/opt/nifi/nifi-current/./lib/postgresql-42.4.0.jar -Dorg.apache.jasper.compiler.disablejsr199=true -Xmx512m -Xms512m -Dcurator-log-only-first-connection-issue-as-error-level=true -Djavax.security.auth.useSubjectCredsOnly=true -Djava.security.egd=file:/dev/urandom -Dzookeeper.admin.enableServer=false -Dsun.net.http.allowRestrictedHeaders=true -Djava.net.preferIPv4Stack=true -Djava.awt.headless=true -Djava.protocol.handler.pkgs=sun.net.www.protocol -Dnifi.properties.file.path=/opt/nifi/nifi-current/./conf/nifi.properties -Dnifi.bootstrap.listen.port=44111 -Dapp=NiFi -Dorg.apache.nifi.bootstrap.config.log.dir=/opt/nifi/nifi-current/logs org.apache.nifi.NiFi 
2022-11-18 00:11:51,683 INFO [main] org.apache.nifi.bootstrap.Command Launched Apache NiFi with Process ID 86
2022-11-18 00:11:52,728 INFO [NiFi Bootstrap Command Listener] org.apache.nifi.bootstrap.RunNiFi Apache NiFi now running and listening for Bootstrap requests on port 34733
